platforms/android/app/build/outputs/logs/manifest-merger-debug-report.txt
-- Merging decision tree log ---
provider#org.apache.cordova.camera.FileProvider
INJECTED from src\main\AndroidManifest.xml:14:9-16:20
	android:grantUriPermissions
		ADDED from src\main\AndroidManifest.xml:14:92-126
	android:authorities
		INJECTED from src\main\AndroidManifest.xml
		ADDED from src\main\AndroidManifest.xml:14:19-66
	android:exported
		ADDED from src\main\AndroidManifest.xml:14:67-91
	android:name
		ADDED from src\main\AndroidManifest.xml:14:127-180
manifest
ADDED from src\main\AndroidManifest.xml:2:1-49:12
INJECTED from src\main\AndroidManifest.xml:2:1-49:12
INJECTED from src\main\AndroidManifest.xml:2:1-49:12
INJECTED from src\main\AndroidManifest.xml:2:1-49:12
MERGED from [me.leolin:ShortcutBadger:1.1.4] AndroidManifest.xml:2:1-35:12
MERGED from [com.google.firebase:firebase-auth:16.0.3] AndroidManifest.xml:17:1-38:12
MERGED from [com.crashlytics.sdk.android:crashlytics:2.9.1] AndroidManifest.xml:2:1-19:12
MERGED from [com.google.android.gms:play-services-auth:11.8.0] AndroidManifest.xml:17:1-39:12
MERGED from [com.google.android.gms:play-services-identity:11.8.0] AndroidManifest.xml:17:1-24:12
MERGED from [com.google.android.gms:play-services-tagmanager:16.0.3] AndroidManifest.xml:17:1-22:12
MERGED from [com.google.firebase:firebase-messaging:17.3.2] AndroidManifest.xml:17:1-37:12
MERGED from [com.google.firebase:firebase-config:16.0.0] AndroidManifest.xml:17:1-24:12
MERGED from [com.google.firebase:firebase-perf:16.1.0] AndroidManifest.xml:17:1-41:12
MERGED from [com.google.android.gms:play-services-ads:15.0.1] AndroidManifest.xml:17:1-25:12
MERGED from [com.google.android.gms:play-services-flags:15.0.1] AndroidManifest.xml:17:1-22:12
MERGED from [com.google.firebase:firebase-auth-interop:16.0.0] AndroidManifest.xml:2:1-10:12
MERGED from [com.google.android.gms:play-services-auth-api-phone:11.8.0] AndroidManifest.xml:2:1-7:12
MERGED from [com.google.android.gms:play-services-auth-base:11.8.0] AndroidManifest.xml:2:1-7:12
MERGED from [com.google.android.gms:play-services-analytics-impl:16.0.3] AndroidManifest.xml:17:1-31:12
MERGED from [com.google.firebase:firebase-core:16.0.3] AndroidManifest.xml:2:1-9:12
MERGED from [com.google.firebase:firebase-measurement-connector-impl:17.0.1] AndroidManifest.xml:17:1-34:12
MERGED from [com.google.firebase:firebase-analytics:16.0.3] AndroidManifest.xml:17:1-55:12
MERGED from [com.google.android.gms:play-services-measurement-api:16.0.1] AndroidManifest.xml:17:1-25:12
MERGED from [com.google.android.gms:play-services-tagmanager-api:16.0.3] AndroidManifest.xml:17:1-47:12
MERGED from [com.google.firebase:firebase-abt:16.0.0] AndroidManifest.xml:2:1-7:12
MERGED from [com.google.firebase:firebase-analytics-impl:16.2.1] AndroidManifest.xml:17:1-40:12
MERGED from [com.google.android.gms:play-services-ads-identifier:15.0.1] AndroidManifest.xml:17:1-24:12
MERGED from [com.google.firebase:firebase-iid:17.0.2] AndroidManifest.xml:17:1-59:12
MERGED from [com.google.android.gms:play-services-stats:15.0.1] AndroidManifest.xml:2:1-9:12
MERGED from [com.google.android.gms:play-services-clearcut:15.0.1] AndroidManifest.xml:17:1-24:12
MERGED from [com.google.android.gms:play-services-phenotype:15.0.1] AndroidManifest.xml:17:1-24:12
MERGED from [com.google.android.gms:play-services-ads-lite:15.0.1] AndroidManifest.xml:17:1-36:12
MERGED from [com.google.android.gms:play-services-gass:15.0.1] AndroidManifest.xml:2:1-9:12
MERGED from [com.google.firebase:firebase-iid-interop:16.0.0] AndroidManifest.xml:2:1-10:12
MERGED from [com.google.android.gms:play-services-base:15.0.1] AndroidManifest.xml:17:1-29:12
MERGED from [com.google.firebase:firebase-common:16.0.1] AndroidManifest.xml:2:1-17:12
MERGED from [com.google.android.gms:play-services-tasks:15.0.1] AndroidManifest.xml:2:1-9:12
MERGED from [com.google.firebase:firebase-measurement-connector:17.0.0] AndroidManifest.xml:17:1-25:12
MERGED from [com.google.android.gms:play-services-basement:15.0.1] AndroidManifest.xml:17:1-28:12
MERGED from [com.android.support:support-v4:26.1.0] AndroidManifest.xml:17:1-31:12
MERGED from [:CordovaLib] AndroidManifest.xml:20:1-27:12
MERGED from [com.crashlytics.sdk.android:beta:1.2.7] AndroidManifest.xml:2:1-13:12
MERGED from [com.crashlytics.sdk.android:crashlytics-core:2.6.1] AndroidManifest.xml:45:1-56:12
MERGED from [com.crashlytics.sdk.android:answers:1.4.1] AndroidManifest.xml:2:1-13:12
MERGED from [io.fabric.sdk.android:fabric:1.4.2] AndroidManifest.xml:22:1-33:12
MERGED from [com.android.support:customtabs:26.1.0] AndroidManifest.xml:17:1-28:12
MERGED from [com.android.support:support-media-compat:26.1.0] AndroidManifest.xml:17:1-31:12
MERGED from [com.android.support:support-fragment:26.1.0] AndroidManifest.xml:17:1-31:12
MERGED from [com.android.support:support-core-utils:26.1.0] AndroidManifest.xml:17:1-31:12
MERGED from [com.android.support:support-core-ui:26.1.0] AndroidManifest.xml:17:1-31:12
MERGED from [com.android.support:support-compat:26.1.0] AndroidManifest.xml:17:1-31:12
MERGED from [com.google.android.gms:play-services-identity-license:11.8.0] AndroidManifest.xml:2:1-6:12
MERGED from [com.google.android.gms:play-services-measurement-base:16.0.2] AndroidManifest.xml:2:1-9:12
MERGED from [com.google.android.gms:play-services-ads-base:15.0.1] AndroidManifest.xml:17:1-24:12
MERGED from [com.google.android.gms:play-services-auth-api-phone-license:11.8.0] AndroidManifest.xml:2:1-6:12
MERGED from [com.google.android.gms:play-services-auth-base-license:11.8.0] AndroidManifest.xml:2:1-6:12
MERGED from [android.arch.lifecycle:runtime:1.0.0] AndroidManifest.xml:17:1-30:12
INJECTED from src\main\AndroidManifest.xml:2:1-49:12
INJECTED from src\main\AndroidManifest.xml:2:1-49:12
INJECTED from src\main\AndroidManifest.xml:2:1-49:12
	package
		ADDED from src\main\AndroidManifest.xml:2:97-126
		INJECTED from src\main\AndroidManifest.xml
		INJECTED from src\main\AndroidManifest.xml
	android:versionName
		ADDED from src\main\AndroidManifest.xml:2:71-96
		INJECTED from src\main\AndroidManifest.xml
		INJECTED from src\main\AndroidManifest.xml
	android:hardwareAccelerated
		ADDED from src\main\AndroidManifest.xml:2:11-45
	xmlns:android
		ADDED from src\main\AndroidManifest.xml:2:127-185
	android:versionCode
		ADDED from src\main\AndroidManifest.xml:2:46-70
		INJECTED from src\main\AndroidManifest.xml
		INJECTED from src\main\AndroidManifest.xml
supports-screens
ADDED from src\main\AndroidManifest.xml:3:5-191
	android:largeScreens
		ADDED from src\main\AndroidManifest.xml:3:49-76
	android:smallScreens
		ADDED from src\main\AndroidManifest.xml:3:132-159
	android:normalScreens
		ADDED from src\main\AndroidManifest.xml:3:77-105
	android:xlargeScreens
		ADDED from src\main\AndroidManifest.xml:3:160-188
	android:resizeable
		ADDED from src\main\AndroidManifest.xml:3:106-131
	android:anyDensity
		ADDED from src\main\AndroidManifest.xml:3:23-48
uses-permission#android.permission.INTERNET
ADDED from src\main\AndroidManifest.xml:5:5-67
MERGED from [com.crashlytics.sdk.android:crashlytics:2.9.1] AndroidManifest.xml:9:5-67
MERGED from [com.crashlytics.sdk.android:crashlytics:2.9.1] AndroidManifest.xml:9:5-67
MERGED from [com.google.firebase:firebase-perf:16.1.0] AndroidManifest.xml:22:5-67
MERGED from [com.google.firebase:firebase-perf:16.1.0] AndroidManifest.xml:22:5-67
MERGED from [com.google.android.gms:play-services-analytics-impl:16.0.3] AndroidManifest.xml:23:5-67
MERGED from [com.google.android.gms:play-services-analytics-impl:16.0.3] AndroidManifest.xml:23:5-67
MERGED from [com.google.firebase:firebase-measurement-connector-impl:17.0.1] AndroidManifest.xml:22:5-67
MERGED from [com.google.firebase:firebase-measurement-connector-impl:17.0.1] AndroidManifest.xml:22:5-67
MERGED from [com.google.firebase:firebase-analytics:16.0.3] AndroidManifest.xml:23:5-67
MERGED from [com.google.firebase:firebase-analytics:16.0.3] AndroidManifest.xml:23:5-67
MERGED from [com.google.android.gms:play-services-tagmanager-api:16.0.3] AndroidManifest.xml:23:5-67
MERGED from [com.google.android.gms:play-services-tagmanager-api:16.0.3] AndroidManifest.xml:23:5-67
MERGED from [com.google.firebase:firebase-analytics-impl:16.2.1] AndroidManifest.xml:23:5-67
MERGED from [com.google.firebase:firebase-analytics-impl:16.2.1] AndroidManifest.xml:23:5-67
MERGED from [com.google.firebase:firebase-iid:17.0.2] AndroidManifest.xml:23:5-67
MERGED from [com.google.firebase:firebase-iid:17.0.2] AndroidManifest.xml:23:5-67
MERGED from [com.google.android.gms:play-services-ads-lite:15.0.1] AndroidManifest.xml:23:5-67
MERGED from [com.google.android.gms:play-services-ads-lite:15.0.1] AndroidManifest.xml:23:5-67
MERGED from [com.crashlytics.sdk.android:beta:1.2.7] AndroidManifest.xml:9:5-67
MERGED from [com.crashlytics.sdk.android:beta:1.2.7] AndroidManifest.xml:9:5-67
MERGED from [com.crashlytics.sdk.android:crashlytics-core:2.6.1] AndroidManifest.xml:52:5-67
MERGED from [com.crashlytics.sdk.android:crashlytics-core:2.6.1] AndroidManifest.xml:52:5-67
MERGED from [com.crashlytics.sdk.android:answers:1.4.1] AndroidManifest.xml:9:5-67
MERGED from [com.crashlytics.sdk.android:answers:1.4.1] AndroidManifest.xml:9:5-67
MERGED from [io.fabric.sdk.android:fabric:1.4.2] AndroidManifest.xml:29:5-67
MERGED from [io.fabric.sdk.android:fabric:1.4.2] AndroidManifest.xml:29:5-67
	android:name
		ADDED from src\main\AndroidManifest.xml:5:22-64
application
ADDED from src\main\AndroidManifest.xml:7:5-31:19
MERGED from [com.google.firebase:firebase-auth:16.0.3] AndroidManifest.xml:22:5-36:19
MERGED from [com.google.firebase:firebase-auth:16.0.3] AndroidManifest.xml:22:5-36:19
MERGED from [com.crashlytics.sdk.android:crashlytics:2.9.1] AndroidManifest.xml:11:5-17:19
MERGED from [com.crashlytics.sdk.android:crashlytics:2.9.1] AndroidManifest.xml:11:5-17:19
MERGED from [com.google.android.gms:play-services-auth:11.8.0] AndroidManifest.xml:22:5-37:19
MERGED from [com.google.android.gms:play-services-auth:11.8.0] AndroidManifest.xml:22:5-37:19
MERGED from [com.google.android.gms:play-services-identity:11.8.0] AndroidManifest.xml:22:5-20
MERGED from [com.google.android.gms:play-services-identity:11.8.0] AndroidManifest.xml:22:5-20
MERGED from [com.google.firebase:firebase-messaging:17.3.2] AndroidManifest.xml:22:5-35:19
MERGED from [com.google.firebase:firebase-messaging:17.3.2] AndroidManifest.xml:22:5-35:19
MERGED from [com.google.firebase:firebase-config:16.0.0] AndroidManifest.xml:22:5-20
MERGED from [com.google.firebase:firebase-config:16.0.0] AndroidManifest.xml:22:5-20
MERGED from [com.google.firebase:firebase-perf:16.1.0] AndroidManifest.xml:27:5-39:19
MERGED from [com.google.firebase:firebase-perf:16.1.0] AndroidManifest.xml:27:5-39:19
MERGED from [com.google.firebase:firebase-auth-interop:16.0.0] AndroidManifest.xml:7:5-8:19
MERGED from [com.google.firebase:firebase-auth-interop:16.0.0] AndroidManifest.xml:7:5-8:19
MERGED from [com.google.android.gms:play-services-analytics-impl:16.0.3] AndroidManifest.xml:29:5-20
MERGED from [com.google.android.gms:play-services-analytics-impl:16.0.3] AndroidManifest.xml:29:5-20
MERGED from [com.google.firebase:firebase-core:16.0.3] AndroidManifest.xml:7:5-20
MERGED from [com.google.firebase:firebase-core:16.0.3] AndroidManifest.xml:7:5-20
MERGED from [com.google.firebase:firebase-measurement-connector-impl:17.0.1] AndroidManifest.xml:26:5-32:19
MERGED from [com.google.firebase:firebase-measurement-connector-impl:17.0.1] AndroidManifest.xml:26:5-32:19
MERGED from [com.google.firebase:firebase-analytics:16.0.3] AndroidManifest.xml:28:5-53:19
MERGED from [com.google.firebase:firebase-analytics:16.0.3] AndroidManifest.xml:28:5-53:19
MERGED from [com.google.android.gms:play-services-measurement-api:16.0.1] AndroidManifest.xml:22:5-23:19
MERGED from [com.google.android.gms:play-services-measurement-api:16.0.1] AndroidManifest.xml:22:5-23:19
MERGED from [com.google.android.gms:play-services-tagmanager-api:16.0.3] AndroidManifest.xml:26:5-45:19
MERGED from [com.google.android.gms:play-services-tagmanager-api:16.0.3] AndroidManifest.xml:26:5-45:19
MERGED from [com.google.firebase:firebase-analytics-impl:16.2.1] AndroidManifest.xml:28:5-38:19
MERGED from [com.google.firebase:firebase-analytics-impl:16.2.1] AndroidManifest.xml:28:5-38:19
MERGED from [com.google.android.gms:play-services-ads-identifier:15.0.1] AndroidManifest.xml:22:5-20
MERGED from [com.google.android.gms:play-services-ads-identifier:15.0.1] AndroidManifest.xml:22:5-20
MERGED from [com.google.firebase:firebase-iid:17.0.2] AndroidManifest.xml:28:5-57:19
MERGED from [com.google.firebase:firebase-iid:17.0.2] AndroidManifest.xml:28:5-57:19
MERGED from [com.google.android.gms:play-services-stats:15.0.1] AndroidManifest.xml:7:5-20
MERGED from [com.google.android.gms:play-services-stats:15.0.1] AndroidManifest.xml:7:5-20
MERGED from [com.google.android.gms:play-services-clearcut:15.0.1] AndroidManifest.xml:22:5-20
MERGED from [com.google.android.gms:play-services-clearcut:15.0.1] AndroidManifest.xml:22:5-20
MERGED from [com.google.android.gms:play-services-phenotype:15.0.1] AndroidManifest.xml:22:5-20
MERGED from [com.google.android.gms:play-services-phenotype:15.0.1] AndroidManifest.xml:22:5-20
MERGED from [com.google.android.gms:play-services-ads-lite:15.0.1] AndroidManifest.xml:26:5-34:19
MERGED from [com.google.android.gms:play-services-ads-lite:15.0.1] AndroidManifest.xml:26:5-34:19
MERGED from [com.google.android.gms:play-services-gass:15.0.1] AndroidManifest.xml:7:5-20
MERGED from [com.google.android.gms:play-services-gass:15.0.1] AndroidManifest.xml:7:5-20
MERGED from [com.google.firebase:firebase-iid-interop:16.0.0] AndroidManifest.xml:7:5-8:19
MERGED from [com.google.firebase:firebase-iid-interop:16.0.0] AndroidManifest.xml:7:5-8:19
MERGED from [com.google.android.gms:play-services-base:15.0.1] AndroidManifest.xml:22:5-27:19
MERGED from [com.google.android.gms:play-services-base:15.0.1] AndroidManifest.xml:22:5-27:19
MERGED from [com.google.firebase:firebase-common:16.0.1] AndroidManifest.xml:9:5-15:19
MERGED from [com.google.firebase:firebase-common:16.0.1] AndroidManifest.xml:9:5-15:19
MERGED from [com.google.android.gms:play-services-tasks:15.0.1] AndroidManifest.xml:7:5-20
MERGED from [com.google.android.gms:play-services-tasks:15.0.1] AndroidManifest.xml:7:5-20
MERGED from [com.google.firebase:firebase-measurement-connector:17.0.0] AndroidManifest.xml:22:5-23:19
MERGED from [com.google.firebase:firebase-measurement-connector:17.0.0] AndroidManifest.xml:22:5-23:19
MERGED from [com.google.android.gms:play-services-basement:15.0.1] AndroidManifest.xml:22:5-26:19
MERGED from [com.google.android.gms:play-services-basement:15.0.1] AndroidManifest.xml:22:5-26:19
MERGED from [com.android.support:support-v4:26.1.0] AndroidManifest.xml:25:5-29:19
MERGED from [com.android.support:support-v4:26.1.0] AndroidManifest.xml:25:5-29:19
MERGED from [com.crashlytics.sdk.android:beta:1.2.7] AndroidManifest.xml:11:5-20
MERGED from [com.crashlytics.sdk.android:beta:1.2.7] AndroidManifest.xml:11:5-20
MERGED from [com.crashlytics.sdk.android:crashlytics-core:2.6.1] AndroidManifest.xml:54:5-20
MERGED from [com.crashlytics.sdk.android:crashlytics-core:2.6.1] AndroidManifest.xml:54:5-20
MERGED from [com.crashlytics.sdk.android:answers:1.4.1] AndroidManifest.xml:11:5-20
MERGED from [com.crashlytics.sdk.android:answers:1.4.1] AndroidManifest.xml:11:5-20
MERGED from [io.fabric.sdk.android:fabric:1.4.2] AndroidManifest.xml:31:5-20
MERGED from [io.fabric.sdk.android:fabric:1.4.2] AndroidManifest.xml:31:5-20
MERGED from [com.android.support:customtabs:26.1.0] AndroidManifest.xml:22:5-26:19
MERGED from [com.android.support:customtabs:26.1.0] AndroidManifest.xml:22:5-26:19
MERGED from [com.android.support:support-media-compat:26.1.0] AndroidManifest.xml:25:5-29:19
MERGED from [com.android.support:support-media-compat:26.1.0] AndroidManifest.xml:25:5-29:19
MERGED from [com.android.support:support-fragment:26.1.0] AndroidManifest.xml:25:5-29:19
MERGED from [com.android.support:support-fragment:26.1.0] AndroidManifest.xml:25:5-29:19
MERGED from [com.android.support:support-core-utils:26.1.0] AndroidManifest.xml:25:5-29:19
MERGED from [com.android.support:support-core-utils:26.1.0] AndroidManifest.xml:25:5-29:19
MERGED from [com.android.support:support-core-ui:26.1.0] AndroidManifest.xml:25:5-29:19
MERGED from [com.android.support:support-core-ui:26.1.0] AndroidManifest.xml:25:5-29:19
MERGED from [com.android.support:support-compat:26.1.0] AndroidManifest.xml:25:5-29:19
MERGED from [com.android.support:support-compat:26.1.0] AndroidManifest.xml:25:5-29:19
MERGED from [com.google.android.gms:play-services-identity-license:11.8.0] AndroidManifest.xml:5:5-20
MERGED from [com.google.android.gms:play-services-identity-license:11.8.0] AndroidManifest.xml:5:5-20
MERGED from [com.google.android.gms:play-services-measurement-base:16.0.2] AndroidManifest.xml:7:5-20
MERGED from [com.google.android.gms:play-services-measurement-base:16.0.2] AndroidManifest.xml:7:5-20
MERGED from [com.google.android.gms:play-services-ads-base:15.0.1] AndroidManifest.xml:22:5-20
MERGED from [com.google.android.gms:play-services-ads-base:15.0.1] AndroidManifest.xml:22:5-20
MERGED from [com.google.android.gms:play-services-auth-api-phone-license:11.8.0] AndroidManifest.xml:5:5-20
MERGED from [com.google.android.gms:play-services-auth-api-phone-license:11.8.0] AndroidManifest.xml:5:5-20
MERGED from [com.google.android.gms:play-services-auth-base-license:11.8.0] AndroidManifest.xml:5:5-20
MERGED from [com.google.android.gms:play-services-auth-base-license:11.8.0] AndroidManifest.xml:5:5-20
MERGED from [android.arch.lifecycle:runtime:1.0.0] AndroidManifest.xml:24:5-28:19
MERGED from [android.arch.lifecycle:runtime:1.0.0] AndroidManifest.xml:24:5-28:19
	android:supportsRtl
		ADDED from src\main\AndroidManifest.xml:7:123-149
	android:label
		ADDED from src\main\AndroidManifest.xml:7:90-122
	android:hardwareAccelerated
		ADDED from src\main\AndroidManifest.xml:7:18-52
	android:icon
		ADDED from src\main\AndroidManifest.xml:7:53-89
activity#com.livechat.dating.MainActivity
ADDED from src\main\AndroidManifest.xml:8:9-13:20
	android:label
		ADDED from src\main\AndroidManifest.xml:8:97-134
	android:launchMode
		ADDED from src\main\AndroidManifest.xml:8:135-165
	android:windowSoftInputMode
		ADDED from src\main\AndroidManifest.xml:8:257-299
	android:configChanges
		ADDED from src\main\AndroidManifest.xml:8:19-96
	android:theme
		ADDED from src\main\AndroidManifest.xml:8:194-256
	android:name
		ADDED from src\main\AndroidManifest.xml:8:166-193
intent-filter#android.intent.action.MAIN+android.intent.category.LAUNCHER
ADDED from src\main\AndroidManifest.xml:9:13-12:29
	android:label
		ADDED from src\main\AndroidManifest.xml:9:28-65
action#android.intent.action.MAIN
ADDED from src\main\AndroidManifest.xml:10:17-69
	android:name
		ADDED from src\main\AndroidManifest.xml:10:25-66
category#android.intent.category.LAUNCHER
ADDED from src\main\AndroidManifest.xml:11:17-77
	android:name
		ADDED from src\main\AndroidManifest.xml:11:27-74
service#com.google.android.gms.measurement.AppMeasurementService
ADDED from src\main\AndroidManifest.xml:17:9-140
MERGED from [com.google.firebase:firebase-analytics:16.0.3] AndroidManifest.xml:44:9-47:40
MERGED from [com.google.firebase:firebase-analytics:16.0.3] AndroidManifest.xml:44:9-47:40
	android:enabled
		ADDED from src\main\AndroidManifest.xml:17:18-40
	android:exported
		ADDED from src\main\AndroidManifest.xml:17:41-65
	android:name
		ADDED from src\main\AndroidManifest.xml:17:66-137
service#org.apache.cordova.firebase.FirebasePluginMessagingService
ADDED from src\main\AndroidManifest.xml:18:9-22:19
	android:name
		ADDED from src\main\AndroidManifest.xml:18:18-91
intent-filter#com.google.firebase.MESSAGING_EVENT
ADDED from src\main\AndroidManifest.xml:19:13-21:29
action#com.google.firebase.MESSAGING_EVENT
ADDED from src\main\AndroidManifest.xml:20:17-78
	android:name
		ADDED from src\main\AndroidManifest.xml:20:25-75
service#org.apache.cordova.firebase.FirebasePluginInstanceIDService
ADDED from src\main\AndroidManifest.xml:23:9-27:19
	android:name
		ADDED from src\main\AndroidManifest.xml:23:18-92
intent-filter#com.google.firebase.INSTANCE_ID_EVENT
ADDED from src\main\AndroidManifest.xml:24:13-26:29
action#com.google.firebase.INSTANCE_ID_EVENT
ADDED from src\main\AndroidManifest.xml:25:17-80
	android:name
		ADDED from src\main\AndroidManifest.xml:25:25-77
receiver#org.apache.cordova.firebase.OnNotificationOpenReceiver
ADDED from src\main\AndroidManifest.xml:28:9-91
	android:name
		ADDED from src\main\AndroidManifest.xml:28:19-88
meta-data#com.google.android.gms.version
ADDED from src\main\AndroidManifest.xml:29:9-122
MERGED from [com.google.android.gms:play-services-basement:15.0.1] AndroidManifest.xml:23:9-25:69
MERGED from [com.google.android.gms:play-services-basement:15.0.1] AndroidManifest.xml:23:9-25:69
	android:value
		ADDED from src\main\AndroidManifest.xml:29:66-119
	android:name
		ADDED from src\main\AndroidManifest.xml:29:20-65
activity#com.google.android.gms.ads.AdActivity
ADDED from src\main\AndroidManifest.xml:30:9-233
MERGED from [com.google.android.gms:play-services-ads-lite:15.0.1] AndroidManifest.xml:29:9-33:64
MERGED from [com.google.android.gms:play-services-ads-lite:15.0.1] AndroidManifest.xml:29:9-33:64
	android:exported
		ADDED from [com.google.android.gms:play-services-ads-lite:15.0.1] AndroidManifest.xml:32:13-37
	android:configChanges
		ADDED from src\main\AndroidManifest.xml:30:19-128
	android:theme
		ADDED from src\main\AndroidManifest.xml:30:182-230
	android:name
		ADDED from src\main\AndroidManifest.xml:30:129-181
uses-sdk
ADDED from src\main\AndroidManifest.xml:33:5-74
MERGED from [me.leolin:ShortcutBadger:1.1.4] AndroidManifest.xml:7:5-9:41
MERGED from [me.leolin:ShortcutBadger:1.1.4] AndroidManifest.xml:7:5-9:41
MERGED from [com.google.firebase:firebase-auth:16.0.3] AndroidManifest.xml:20:5-44
MERGED from [com.google.firebase:firebase-auth:16.0.3] AndroidManifest.xml:20:5-44
MERGED from [com.crashlytics.sdk.android:crashlytics:2.9.1] AndroidManifest.xml:7:5-43
MERGED from [com.crashlytics.sdk.android:crashlytics:2.9.1] AndroidManifest.xml:7:5-43
MERGED from [com.google.android.gms:play-services-auth:11.8.0] AndroidManifest.xml:20:5-44
MERGED from [com.google.android.gms:play-services-auth:11.8.0] AndroidManifest.xml:20:5-44
MERGED from [com.google.android.gms:play-services-identity:11.8.0] AndroidManifest.xml:20:5-44
MERGED from [com.google.android.gms:play-services-identity:11.8.0] AndroidManifest.xml:20:5-44
MERGED from [com.google.android.gms:play-services-tagmanager:16.0.3] AndroidManifest.xml:20:5-44
MERGED from [com.google.android.gms:play-services-tagmanager:16.0.3] AndroidManifest.xml:20:5-44
MERGED from [com.google.firebase:firebase-messaging:17.3.2] AndroidManifest.xml:20:5-44
MERGED from [com.google.firebase:firebase-messaging:17.3.2] AndroidManifest.xml:20:5-44
MERGED from [com.google.firebase:firebase-config:16.0.0] AndroidManifest.xml:20:5-44
MERGED from [com.google.firebase:firebase-config:16.0.0] AndroidManifest.xml:20:5-44
MERGED from [com.google.firebase:firebase-perf:16.1.0] AndroidManifest.xml:20:5-44
MERGED from [com.google.firebase:firebase-perf:16.1.0] AndroidManifest.xml:20:5-44
MERGED from [com.google.android.gms:play-services-ads:15.0.1] AndroidManifest.xml:21:5-23:62
MERGED from [com.google.android.gms:play-services-ads:15.0.1] AndroidManifest.xml:21:5-23:62
MERGED from [com.google.android.gms:play-services-flags:15.0.1] AndroidManifest.xml:20:5-44
MERGED from [com.google.android.gms:play-services-flags:15.0.1] AndroidManifest.xml:20:5-44
MERGED from [com.google.firebase:firebase-auth-interop:16.0.0] AndroidManifest.xml:5:5-44
MERGED from [com.google.firebase:firebase-auth-interop:16.0.0] AndroidManifest.xml:5:5-44
MERGED from [com.google.android.gms:play-services-auth-api-phone:11.8.0] AndroidManifest.xml:5:5-44
MERGED from [com.google.android.gms:play-services-auth-api-phone:11.8.0] AndroidManifest.xml:5:5-44
MERGED from [com.google.android.gms:play-services-auth-base:11.8.0] AndroidManifest.xml:5:5-44
MERGED from [com.google.android.gms:play-services-auth-base:11.8.0] AndroidManifest.xml:5:5-44
MERGED from [com.google.android.gms:play-services-analytics-impl:16.0.3] AndroidManifest.xml:20:5-44
MERGED from [com.google.android.gms:play-services-analytics-impl:16.0.3] AndroidManifest.xml:20:5-44
MERGED from [com.google.firebase:firebase-core:16.0.3] AndroidManifest.xml:5:5-44
MERGED from [com.google.firebase:firebase-core:16.0.3] AndroidManifest.xml:5:5-44
MERGED from [com.google.firebase:firebase-measurement-connector-impl:17.0.1] AndroidManifest.xml:20:5-44
MERGED from [com.google.firebase:firebase-measurement-connector-impl:17.0.1] AndroidManifest.xml:20:5-44
MERGED from [com.google.firebase:firebase-analytics:16.0.3] AndroidManifest.xml:20:5-44
MERGED from [com.google.firebase:firebase-analytics:16.0.3] AndroidManifest.xml:20:5-44
MERGED from [com.google.android.gms:play-services-measurement-api:16.0.1] AndroidManifest.xml:20:5-44
MERGED from [com.google.android.gms:play-services-measurement-api:16.0.1] AndroidManifest.xml:20:5-44
MERGED from [com.google.android.gms:play-services-tagmanager-api:16.0.3] AndroidManifest.xml:20:5-44
MERGED from [com.google.android.gms:play-services-tagmanager-api:16.0.3] AndroidManifest.xml:20:5-44
MERGED from [com.google.firebase:firebase-abt:16.0.0] AndroidManifest.xml:5:5-44
MERGED from [com.google.firebase:firebase-abt:16.0.0] AndroidManifest.xml:5:5-44
MERGED from [com.google.firebase:firebase-analytics-impl:16.2.1] AndroidManifest.xml:20:5-44
MERGED from [com.google.firebase:firebase-analytics-impl:16.2.1] AndroidManifest.xml:20:5-44
MERGED from [com.google.android.gms:play-services-ads-identifier:15.0.1] AndroidManifest.xml:20:5-44
MERGED from [com.google.android.gms:play-services-ads-identifier:15.0.1] AndroidManifest.xml:20:5-44
MERGED from [com.google.firebase:firebase-iid:17.0.2] AndroidManifest.xml:20:5-44
MERGED from [com.google.firebase:firebase-iid:17.0.2] AndroidManifest.xml:20:5-44
MERGED from [com.google.android.gms:play-services-stats:15.0.1] AndroidManifest.xml:5:5-44
MERGED from [com.google.android.gms:play-services-stats:15.0.1] AndroidManifest.xml:5:5-44
MERGED from [com.google.android.gms:play-services-clearcut:15.0.1] AndroidManifest.xml:20:5-44
MERGED from [com.google.android.gms:play-services-clearcut:15.0.1] AndroidManifest.xml:20:5-44
MERGED from [com.google.android.gms:play-services-phenotype:15.0.1] AndroidManifest.xml:20:5-44
MERGED from [com.google.android.gms:play-services-phenotype:15.0.1] AndroidManifest.xml:20:5-44
MERGED from [com.google.android.gms:play-services-ads-lite:15.0.1] AndroidManifest.xml:20:5-44
MERGED from [com.google.android.gms:play-services-ads-lite:15.0.1] AndroidManifest.xml:20:5-44
MERGED from [com.google.android.gms:play-services-gass:15.0.1] AndroidManifest.xml:5:5-44
MERGED from [com.google.android.gms:play-services-gass:15.0.1] AndroidManifest.xml:5:5-44
MERGED from [com.google.firebase:firebase-iid-interop:16.0.0] AndroidManifest.xml:5:5-44
MERGED from [com.google.firebase:firebase-iid-interop:16.0.0] AndroidManifest.xml:5:5-44
MERGED from [com.google.android.gms:play-services-base:15.0.1] AndroidManifest.xml:20:5-44
MERGED from [com.google.android.gms:play-services-base:15.0.1] AndroidManifest.xml:20:5-44
MERGED from [com.google.firebase:firebase-common:16.0.1] AndroidManifest.xml:5:5-7:41
MERGED from [com.google.firebase:firebase-common:16.0.1] AndroidManifest.xml:5:5-7:41
MERGED from [com.google.android.gms:play-services-tasks:15.0.1] AndroidManifest.xml:5:5-44
MERGED from [com.google.android.gms:play-services-tasks:15.0.1] AndroidManifest.xml:5:5-44
MERGED from [com.google.firebase:firebase-measurement-connector:17.0.0] AndroidManifest.xml:20:5-44
MERGED from [com.google.firebase:firebase-measurement-connector:17.0.0] AndroidManifest.xml:20:5-44
MERGED from [com.google.android.gms:play-services-basement:15.0.1] AndroidManifest.xml:20:5-44
MERGED from [com.google.android.gms:play-services-basement:15.0.1] AndroidManifest.xml:20:5-44
MERGED from [com.android.support:support-v4:26.1.0] AndroidManifest.xml:21:5-23:54
MERGED from [com.android.support:support-v4:26.1.0] AndroidManifest.xml:21:5-23:54
MERGED from [:CordovaLib] AndroidManifest.xml:25:5-44
MERGED from [:CordovaLib] AndroidManifest.xml:25:5-44
MERGED from [com.crashlytics.sdk.android:beta:1.2.7] AndroidManifest.xml:7:5-43
MERGED from [com.crashlytics.sdk.android:beta:1.2.7] AndroidManifest.xml:7:5-43
MERGED from [com.crashlytics.sdk.android:crashlytics-core:2.6.1] AndroidManifest.xml:50:5-43
MERGED from [com.crashlytics.sdk.android:crashlytics-core:2.6.1] AndroidManifest.xml:50:5-43
MERGED from [com.crashlytics.sdk.android:answers:1.4.1] AndroidManifest.xml:7:5-43
MERGED from [com.crashlytics.sdk.android:answers:1.4.1] AndroidManifest.xml:7:5-43
MERGED from [io.fabric.sdk.android:fabric:1.4.2] AndroidManifest.xml:27:5-43
MERGED from [io.fabric.sdk.android:fabric:1.4.2] AndroidManifest.xml:27:5-43
MERGED from [com.android.support:customtabs:26.1.0] AndroidManifest.xml:20:5-44
MERGED from [com.android.support:customtabs:26.1.0] AndroidManifest.xml:20:5-44
MERGED from [com.android.support:support-media-compat:26.1.0] AndroidManifest.xml:21:5-23:63
MERGED from [com.android.support:support-media-compat:26.1.0] AndroidManifest.xml:21:5-23:63
MERGED from [com.android.support:support-fragment:26.1.0] AndroidManifest.xml:21:5-23:60
MERGED from [com.android.support:support-fragment:26.1.0] AndroidManifest.xml:21:5-23:60
MERGED from [com.android.support:support-core-utils:26.1.0] AndroidManifest.xml:21:5-23:61
MERGED from [com.android.support:support-core-utils:26.1.0] AndroidManifest.xml:21:5-23:61
MERGED from [com.android.support:support-core-ui:26.1.0] AndroidManifest.xml:21:5-23:58
MERGED from [com.android.support:support-core-ui:26.1.0] AndroidManifest.xml:21:5-23:58